[debug] [2023-09-27T16:10:51.904Z] ----------------------------------------------------------------------
[debug] [2023-09-27T16:10:51.907Z] Command:       /home/polokego/.nvm/versions/node/v16.14.2/bin/node /home/polokego/.nvm/versions/node/v16.14.2/bin/firebase init
[debug] [2023-09-27T16:10:51.908Z] CLI Version:   12.6.0
[debug] [2023-09-27T16:10:51.908Z] Platform:      linux
[debug] [2023-09-27T16:10:51.908Z] Node Version:  v16.14.2
[debug] [2023-09-27T16:10:51.916Z] Time:          Wed Sep 27 2023 18:10:51 GMT+0200 (South Africa Standard Time)
[debug] [2023-09-27T16:10:51.916Z] ----------------------------------------------------------------------
[debug] 
[debug] [2023-09-27T16:10:51.932Z] > command requires scopes: ["email","openid","https://www.googleapis.com/auth/cloudplatformprojects.readonly","https://www.googleapis.com/auth/firebase","https://www.googleapis.com/auth/cloud-platform"]
[debug] [2023-09-27T16:10:51.933Z] > authorizing via signed-in user (polokego.hackathon@gmail.com)
[info] 
     ######## #### ########  ######## ########     ###     ######  ########
     ##        ##  ##     ## ##       ##     ##  ##   ##  ##       ##
     ######    ##  ########  ######   ########  #########  ######  ######
     ##        ##  ##    ##  ##       ##     ## ##     ##       ## ##
     ##       #### ##     ## ######## ########  ##     ##  ######  ########

You're about to initialize a Firebase project in this directory:

  /home/polokego/Desktop/farmihealth_IBM_callforcode2023/frontend

[info] 
=== Project Setup
[info] 
[info] First, let's associate this project directory with a Firebase project.
[info] You can create multiple project aliases by running firebase use --add, 
[info] but for now we'll just set up a default project.
[info] 
[debug] [2023-09-27T16:10:54.888Z] >>> [apiv2][query] GET https://firebase.googleapis.com/v1beta1/projects pageSize=100
[debug] [2023-09-27T16:10:58.269Z] *** [apiv2] error from fetch(https://firebase.googleapis.com/v1beta1/projects?pageSize=100, {"headers":{},"method":"GET","signal":{}}): FetchError: request to https://firebase.googleapis.com/v1beta1/projects?pageSize=100 failed, reason: connect EHOSTUNREACH 192.178.54.42:443
[debug] [2023-09-27T16:10:58.269Z] Failed to make request to https://firebase.googleapis.com/v1beta1/projects?pageSize=100
[debug] [2023-09-27T16:10:58.270Z] FirebaseError: Failed to make request to https://firebase.googleapis.com/v1beta1/projects?pageSize=100
    at RetryOperation._fn (/home/polokego/.nvm/versions/node/v16.14.2/lib/node_modules/firebase-tools/lib/apiv2.js:239:31)
    at processTicksAndRejections (node:internal/process/task_queues:96:5)
[error] 
[error] Error: Failed to list Firebase projects. See firebase-debug.log for more info.
[debug] [2023-09-27T16:13:14.703Z] ----------------------------------------------------------------------
[debug] [2023-09-27T16:13:14.707Z] Command:       /home/polokego/.nvm/versions/node/v16.14.2/bin/node /home/polokego/.nvm/versions/node/v16.14.2/bin/firebase init
[debug] [2023-09-27T16:13:14.709Z] CLI Version:   12.6.0
[debug] [2023-09-27T16:13:14.709Z] Platform:      linux
[debug] [2023-09-27T16:13:14.710Z] Node Version:  v16.14.2
[debug] [2023-09-27T16:13:14.712Z] Time:          Wed Sep 27 2023 18:13:14 GMT+0200 (South Africa Standard Time)
[debug] [2023-09-27T16:13:14.712Z] ----------------------------------------------------------------------
[debug] 
[debug] [2023-09-27T16:13:14.722Z] > command requires scopes: ["email","openid","https://www.googleapis.com/auth/cloudplatformprojects.readonly","https://www.googleapis.com/auth/firebase","https://www.googleapis.com/auth/cloud-platform"]
[debug] [2023-09-27T16:13:14.723Z] > authorizing via signed-in user (polokego.hackathon@gmail.com)
[info] 
     ######## #### ########  ######## ########     ###     ######  ########
     ##        ##  ##     ## ##       ##     ##  ##   ##  ##       ##
     ######    ##  ########  ######   ########  #########  ######  ######
     ##        ##  ##    ##  ##       ##     ## ##     ##       ## ##
     ##       #### ##     ## ######## ########  ##     ##  ######  ########

You're about to initialize a Firebase project in this directory:

  /home/polokego/Desktop/farmihealth_IBM_callforcode2023/frontend

[info] 
=== Project Setup
[info] 
[info] First, let's associate this project directory with a Firebase project.
[info] You can create multiple project aliases by running firebase use --add, 
[info] but for now we'll just set up a default project.
[info] 
[debug] [2023-09-27T16:13:22.760Z] >>> [apiv2][query] GET https://firebase.googleapis.com/v1beta1/projects pageSize=100
[debug] [2023-09-27T16:13:26.040Z] *** [apiv2] error from fetch(https://firebase.googleapis.com/v1beta1/projects?pageSize=100, {"headers":{},"method":"GET","signal":{}}): FetchError: request to https://firebase.googleapis.com/v1beta1/projects?pageSize=100 failed, reason: connect EHOSTUNREACH 192.178.54.10:443
[debug] [2023-09-27T16:13:26.041Z] Failed to make request to https://firebase.googleapis.com/v1beta1/projects?pageSize=100
[debug] [2023-09-27T16:13:26.042Z] FirebaseError: Failed to make request to https://firebase.googleapis.com/v1beta1/projects?pageSize=100
    at RetryOperation._fn (/home/polokego/.nvm/versions/node/v16.14.2/lib/node_modules/firebase-tools/lib/apiv2.js:239:31)
    at processTicksAndRejections (node:internal/process/task_queues:96:5)
[error] 
[error] Error: Failed to list Firebase projects. See firebase-debug.log for more info.
